2025-07-05 17:40:51 fix UI alignment
2025-11-25 05:39:45 typo fix
2025-03-18 00:22:10 increase test coverage
2025-07-23 13:08:05 improve security
2025-09-10 12:02:04 update comments
2025-01-08 06:30:57 security patch
2025-01-19 23:54:28 add changelog
2025-03-29 03:54:12 fix compatibility
2025-05-18 09:31:14 improve logging format
2025-09-25 10:27:56 update deployment script
2025-02-11 20:40:17 fix permission issue
2025-08-21 03:14:05 fix edge case
2025-09-10 06:31:03 update CI pipeline
2025-06-09 10:02:29 small refactor
2025-05-02 15:09:56 hotfix applied
2025-11-15 05:36:42 update API keys
2025-04-26 00:23:33 tweak configs
2025-09-22 12:19:37 minor refactor
2025-07-23 03:49:39 fix misconfiguration
2025-12-23 18:58:13 remove unused code
2025-01-29 08:18:40 fix crash issue
2025-12-08 21:25:52 remove unused code
2025-12-17 22:16:22 fix warnings
2025-01-12 22:12:06 stabilize build
2025-03-31 01:01:24 UI improvements
2025-11-16 14:58:22 fix timezone issue
2025-05-02 06:52:57 reformat code
2025-08-29 16:43:17 update API keys
2025-02-26 05:07:39 improve logging format
2025-08-26 12:32:13 reformat code
2025-11-06 21:38:46 remove test code
2025-03-25 05:06:43 update logging
